<?xml version="1.0" encoding="UTF-8"?>
<testng-results skipped="0" failed="0" total="1" passed="1">
  <reporter-output>
  </reporter-output>
  <suite name="Tests" duration-ms="4880" started-at="2015-10-30T12:25:34Z" finished-at="2015-10-30T12:25:39Z">
    <groups>
    </groups>
    <test name="Test1" duration-ms="4880" started-at="2015-10-30T12:25:34Z" finished-at="2015-10-30T12:25:39Z">
      <class name="otpp.LoginTest">
        <test-method status="PASS" signature="init()[pri:0, instance:otpp.LoginTest@fc63be]" name="init" is-config="true" duration-ms="3160" started-at="2015-10-30T15:25:34Z" finished-at="2015-10-30T15:25:37Z">
          <reporter-output>
          </reporter-output>
        </test-method> <!-- init -->
        <test-method status="PASS" signature="testUntitled2()[pri:0, instance:otpp.LoginTest@fc63be]" name="testUntitled2" duration-ms="1720" started-at="2015-10-30T15:25:37Z" finished-at="2015-10-30T15:25:39Z">
          <reporter-output>
          </reporter-output>
        </test-method> <!-- testUntitled2 -->
        <test-method status="PASS" signature="tearDown()[pri:0, instance:otpp.LoginTest@fc63be]" name="tearDown" is-config="true" duration-ms="1230" started-at="2015-10-30T15:25:39Z" finished-at="2015-10-30T15:25:40Z">
          <reporter-output>
          </reporter-output>
        </test-method> <!-- tearDown -->
      </class> <!-- otpp.LoginTest -->
    </test> <!-- Test1 -->
  </suite> <!-- Tests -->
</testng-results>
